Android/UEFAClient V5/app/build/outputs/logs/manifest-merger-debug-report.txt
-- Merging decision tree log ---
manifest
ADDED from AndroidManifest.xml:2:1
	package
		ADDED from AndroidManifest.xml:3:5
		INJECTED from AndroidManifest.xml:0:0
		INJECTED from AndroidManifest.xml:0:0
	android:versionName
		ADDED from AndroidManifest.xml:5:5
	android:versionCode
		ADDED from AndroidManifest.xml:4:5
		INJECTED from AndroidManifest.xml:0:0
		INJECTED from AndroidManifest.xml:0:0
	xmlns:android
		ADDED from AndroidManifest.xml:2:11
uses-sdk
ADDED from AndroidManifest.xml:7:5
	android:targetSdkVersion
		ADDED from AndroidManifest.xml:9:9
		INJECTED from AndroidManifest.xml:0:0
		INJECTED from AndroidManifest.xml:0:0
	android:minSdkVersion
		ADDED from AndroidManifest.xml:8:9
		INJECTED from AndroidManifest.xml:0:0
		INJECTED from AndroidManifest.xml:0:0
uses-permission#android.permission.INTERNET
ADDED from AndroidManifest.xml:12:5
	android:name
		ADDED from AndroidManifest.xml:12:22
application
ADDED from AndroidManifest.xml:14:5
	android:label
		ADDED from AndroidManifest.xml:16:9
	android:icon
		ADDED from AndroidManifest.xml:15:9
activity#info.androidhive.jsonparsing.SplashActivity
ADDED from AndroidManifest.xml:17:9
	android:label
		ADDED from AndroidManifest.xml:18:13
	android:name
		ADDED from AndroidManifest.xml:20:13
intent-filter#android.intent.action.MAIN+android.intent.category.LAUNCHER
ADDED from AndroidManifest.xml:21:13
action#android.intent.action.MAIN
ADDED from AndroidManifest.xml:22:17
	android:name
		ADDED from AndroidManifest.xml:22:25
category#android.intent.category.LAUNCHER
ADDED from AndroidManifest.xml:24:17
	android:name
		ADDED from AndroidManifest.xml:24:27
activity#info.androidhive.jsonparsing.SingleContactActivity
ADDED from AndroidManifest.xml:29:9
	android:label
		ADDED from AndroidManifest.xml:30:13
	android:name
		ADDED from AndroidManifest.xml:31:13
activity#info.androidhive.jsonparsing.SingleRoundOneActivity
ADDED from AndroidManifest.xml:34:9
	android:label
		ADDED from AndroidManifest.xml:35:13
	android:name
		ADDED from AndroidManifest.xml:36:13
activity#info.androidhive.jsonparsing.SingleRoundTwoActivity
ADDED from AndroidManifest.xml:39:9
	android:label
		ADDED from AndroidManifest.xml:40:13
	android:name
		ADDED from AndroidManifest.xml:41:13
activity#info.androidhive.jsonparsing.SingleRoundThreeChampionsActivity
ADDED from AndroidManifest.xml:44:9
	android:label
		ADDED from AndroidManifest.xml:45:13
	android:name
		ADDED from AndroidManifest.xml:46:13
activity#info.androidhive.jsonparsing.TeamRankingActivity
ADDED from AndroidManifest.xml:52:8
	android:label
		ADDED from AndroidManifest.xml:53:13
	android:name
		ADDED from AndroidManifest.xml:54:13
activity#info.androidhive.jsonparsing.RoundOneActivity
ADDED from AndroidManifest.xml:59:9
	android:label
		ADDED from AndroidManifest.xml:60:13
	android:name
		ADDED from AndroidManifest.xml:61:13
activity#info.androidhive.jsonparsing.RoundTwoActivity
ADDED from AndroidManifest.xml:65:9
	android:label
		ADDED from AndroidManifest.xml:66:13
	android:name
		ADDED from AndroidManifest.xml:67:13
activity#info.androidhive.jsonparsing.RoundThreeChampionsActivity
ADDED from AndroidManifest.xml:70:9
	android:label
		ADDED from AndroidManifest.xml:71:13
	android:name
		ADDED from AndroidManifest.xml:72:13
activity#info.androidhive.jsonparsing.RoundThreeLeagueActivity
ADDED from AndroidManifest.xml:75:9
	android:label
		ADDED from AndroidManifest.xml:76:13
	android:name
		ADDED from AndroidManifest.xml:77:13
activity#info.androidhive.jsonparsing.RoundFourLeagueActivity
ADDED from AndroidManifest.xml:80:9
	android:label
		ADDED from AndroidManifest.xml:81:13
	android:name
		ADDED from AndroidManifest.xml:82:13
activity#info.androidhive.jsonparsing.MainMenuActivity
ADDED from AndroidManifest.xml:85:9
	android:label
		ADDED from AndroidManifest.xml:86:13
	android:name
		ADDED from AndroidManifest.xml:87:13
activity#info.androidhive.jsonparsing.MainMenuQualifyingActivity
ADDED from AndroidManifest.xml:91:9
	android:label
		ADDED from AndroidManifest.xml:92:13
	android:name
		ADDED from AndroidManifest.xml:93:13
activity#info.androidhive.jsonparsing.MainMenuQualifyingThreeActivity
ADDED from AndroidManifest.xml:97:9
	android:label
		ADDED from AndroidManifest.xml:98:13
	android:name
		ADDED from AndroidManifest.xml:99:13
activity#info.androidhive.jsonparsing.MainActivity
ADDED from AndroidManifest.xml:103:9
	android:label
		ADDED from AndroidManifest.xml:104:13
	android:name
		ADDED from AndroidManifest.xml:105:13
activity#info.androidhive.jsonparsing.AboutActivity
ADDED from AndroidManifest.xml:109:9
	android:label
		ADDED from AndroidManifest.xml:110:13
	android:name
		ADDED from AndroidManifest.xml:111:13
activity#info.androidhive.jsonparsing.HelpActivity
ADDED from AndroidManifest.xml:115:9
	android:label
		ADDED from AndroidManifest.xml:116:13
	android:name
		ADDED from AndroidManifest.xml:117:13
activity#info.androidhive.jsonparsing.Example
ADDED from AndroidManifest.xml:120:9
	android:label
		ADDED from AndroidManifest.xml:121:13
	android:name
		ADDED from AndroidManifest.xml:122:13